Vivado Simulator v2021.1
Copyright 1986-1999, 2001-2021 Xilinx, Inc. All Rights Reserved.
Running: C:/Xilinx2021/Vivado/2021.1/bin/unwrapped/win64.o/xelab.exe -wto 357b375a6ba745cb942ade7d4deddf54 --incr --debug typical --relax --mt 2 -L xil_defaultlib -L unisims_ver -L secureip --snapshot s_to_p_test_func_synth xil_defaultlib.s_to_p_test xil_defaultlib.glbl -log elaborate.log 
Using 2 slave threads.
WARNING: [XSIM 43-3431] One or more environment variables have been detected which affect the operation of the C compiler. These are typically not set in standard installations and are not tested by Xilinx, however they may be appropriate for your system, so the flow will attempt to continue.  If errors occur, try running xelab with the "-mt off -v 1" switches to see more information from the C compiler. The following environment variables have been detected:
Starting static elaboration
Pass Through NonSizing Optimizer
Completed static elaboration
Starting simulation data flow analysis
Completed simulation data flow analysis
Time Resolution for simulation is 1ps
Compiling module unisims_ver.BUFG
Compiling module unisims_ver.IBUF
Compiling module unisims_ver.x_lut3_mux8
Compiling module unisims_ver.LUT3(INIT=8'b01111000)
Compiling module unisims_ver.LUT5
Compiling module unisims_ver.FDCE_default
Compiling module unisims_ver.OBUF
Compiling module unisims_ver.x_lut1_mux2
Compiling module unisims_ver.LUT1(INIT=2'b01)
Compiling module xil_defaultlib.s_to_p
Compiling module xil_defaultlib.s_to_p_test
Compiling module xil_defaultlib.glbl
Built simulation snapshot s_to_p_test_func_synth
